# JRE version: OpenJDK Runtime Environment GraalVM CE 20.2.0 (11.0.8+10) (build 11.0.8+10-jvmci-20.2-b03)
# Java VM: OpenJDK 64-Bit Server VM GraalVM CE 20.2.0 (11.0.8+10-jvmci-20.2-b03, mixed mode, sharing, tiered, jvmci, jvmci compiler, compressed oops, g1 gc, bsd-amd64)
Heap:
 garbage-first heap   total 133120K, used 22238K [0x0000000780000000, 0x0000000800000000)
  region size 1024K, 15 young (15360K), 2 survivors (2048K)
 Metaspace       used 8990K, capacity 9470K, committed 9728K, reserved 1058816K
  class space    used 1104K, capacity 1274K, committed 1280K, reserved 1048576K
GC Heap History (6 events):
Event: 0.746 GC heap before
{Heap before GC invocations=0 (full 0):
 garbage-first heap   total 133120K, used 16092K [0x0000000780000000, 0x0000000800000000)
  region size 1024K, 14 young (14336K), 0 survivors (0K)
 Metaspace       used 3685K, capacity 6090K, committed 6400K, reserved 1056768K
  class space    used 443K, capacity 646K, committed 768K, reserved 1048576K
}
Event: 0.763 GC heap after
{Heap after GC invocations=1 (full 0):
 garbage-first heap   total 133120K, used 8338K [0x0000000780000000, 0x0000000800000000)
  region size 1024K, 2 young (2048K), 2 survivors (2048K)
 Metaspace       used 3685K, capacity 6090K, committed 6400K, reserved 1056768K
  class space    used 443K, capacity 646K, committed 768K, reserved 1048576K
}
Event: 0.962 GC heap before
{Heap before GC invocations=1 (full 0):
 garbage-first heap   total 133120K, used 15506K [0x0000000780000000, 0x0000000800000000)
  region size 1024K, 10 young (10240K), 2 survivors (2048K)
 Metaspace       used 5028K, capacity 6880K, committed 7040K, reserved 1056768K
  class space    used 607K, capacity 805K, committed 896K, reserved 1048576K
}
Event: 0.970 GC heap after
{Heap after GC invocations=2 (full 0):
 garbage-first heap   total 133120K, used 8852K [0x0000000780000000, 0x0000000800000000)
  region size 1024K, 1 young (1024K), 1 survivors (1024K)
 Metaspace       used 5028K, capacity 6880K, committed 7040K, reserved 1056768K
  class space    used 607K, capacity 805K, committed 896K, reserved 1048576K
}
Event: 1.915 GC heap before
{Heap before GC invocations=2 (full 0):
 garbage-first heap   total 133120K, used 32404K [0x0000000780000000, 0x0000000800000000)
  region size 1024K, 24 young (24576K), 1 survivors (1024K)
 Metaspace       used 7981K, capacity 8600K, committed 8832K, reserved 1056768K
  class space    used 970K, capacity 1097K, committed 1152K, reserved 1048576K
}
Event: 1.920 GC heap after
{Heap after GC invocations=3 (full 0):
 garbage-first heap   total 133120K, used 9950K [0x0000000780000000, 0x0000000800000000)
  region size 1024K, 2 young (2048K), 2 survivors (2048K)
 Metaspace       used 7981K, capacity 8600K, committed 8832K, reserved 1056768K
  class space    used 970K, capacity 1097K, committed 1152K, reserved 1048576K
}

